--------2017-06-08 14:50:33   on file: C:/Users/hanlonglin/Desktop/打包测试/package.json:
C:/Users/hanlonglin/Desktop/打包测试/个人收入证明.docx upload success.
C:/Users/hanlonglin/Desktop/打包测试/Change.txt already in the ftp!!
C:/Users/hanlonglin/Desktop/打包测试/d3dcompiler_47.dll already in the ftp!!
C:/Users/hanlonglin/Desktop/打包测试/DataApi.exe already in the ftp!!
C:/Users/hanlonglin/Desktop/打包测试/DataReport.exe already in the ftp!!
C:/Users/hanlonglin/Desktop/打包测试/dbinstall.sql already in the ftp!!
C:/Users/hanlonglin/Desktop/打包测试/HBud.exe already in the ftp!!
C:/Users/hanlonglin/Desktop/打包测试/IccDog.exe already in the ftp!!
C:/Users/hanlonglin/Desktop/打包测试/iccsetup.exe already in the ftp!!
C:/Users/hanlonglin/Desktop/打包测试/icon1.ico already in the ftp!!
C:/Users/hanlonglin/Desktop/打包测试/InternetCafeCharge.exe already in the ftp!!
C:/Users/hanlonglin/Desktop/打包测试/InternetIcafe.sql already in the ftp!!
C:/Users/hanlonglin/Desktop/打包测试/libEGL.dll already in the ftp!!
C:/Users/hanlonglin/Desktop/打包测试/libGLESV2.dll already in the ftp!!
C:/Users/hanlonglin/Desktop/打包测试/NetbarClt.sql already in the ftp!!
C:/Users/hanlonglin/Desktop/打包测试/opengl32sw.dll already in the ftp!!
C:/Users/hanlonglin/Desktop/打包测试/pre.sql already in the ftp!!
C:/Users/hanlonglin/Desktop/打包测试/qdds.dll already in the ftp!!
C:/Users/hanlonglin/Desktop/打包测试/qgenericbearer.dll already in the ftp!!
C:/Users/hanlonglin/Desktop/打包测试/qgif.dll already in the ftp!!
C:/Users/hanlonglin/Desktop/打包测试/qicns.dll already in the ftp!!
C:/Users/hanlonglin/Desktop/打包测试/qico.dll already in the ftp!!
C:/Users/hanlonglin/Desktop/打包测试/qjpeg.dll already in the ftp!!
C:/Users/hanlonglin/Desktop/打包测试/云计费管理平台.ico upload success.
C:/Users/hanlonglin/Desktop/打包测试/云计费管理平台.url upload success.
C:/Users/hanlonglin/Desktop/打包测试/加密解密.zip is not exist!!
C:/Users/hanlonglin/Desktop/打包测试/李杨.docx is not exist!!
-----------------------------------------------------------------------------------------------------------
